build/app/outputs/mapping/release/mapping.txt
# compiler: R8
# compiler_version: 1.5.64
# min_api: 19
# pg_map_id: e405ea9
...
androidx.core.app.CoreComponentFactory -> androidx.core.app.CoreComponentFactory:
    java.lang.Object checkCompatWrapper(java.lang.Object) -> a
androidx.core.app.CoreComponentFactory$CompatWrapped -> androidx.core.app.CoreComponentFactory$a:
    java.lang.Object getWrapper() -> a
androidx.core.app.RemoteActionCompat -> androidx.core.app.RemoteActionCompat:
    androidx.core.graphics.drawable.IconCompat mIcon -> a
    java.lang.CharSequence mTitle -> b
    java.lang.CharSequence mContentDescription -> c
    boolean mEnabled -> e
    boolean mShouldShowIcon -> f
    android.app.PendingIntent mActionIntent -> d
androidx.core.content.ContextCompat -> a.b.a.a:
    int checkSelfPermission(android.content.Context,java.lang.String) -> a
    java.io.File[] getExternalCacheDirs(android.content.Context) -> a
    java.io.File[] getExternalFilesDirs(android.content.Context,java.lang.String) -> b
androidx.core.content.FileProvider -> a.b.a.b:
    java.io.File DEVICE_ROOT -> c
    androidx.core.content.FileProvider$PathStrategy mStrategy -> a
    java.util.HashMap sCache -> d
    java.lang.String[] COLUMNS -> b
    java.io.File buildPath(java.io.File,java.lang.String[]) -> a
    java.lang.Object[] copyOf(java.lang.Object[],int) -> a
    java.lang.String[] copyOf(java.lang.String[],int) -> a
    androidx.core.content.FileProvider$PathStrategy getPathStrategy(android.content.Context,java.lang.String) -> a
    android.net.Uri getUriForFile(android.content.Context,java.lang.String,java.io.File) -> a
    int modeToMode(java.lang.String) -> a
    androidx.core.content.FileProvider$PathStrategy parsePathStrategy(android.content.Context,java.lang.String) -> b
androidx.core.content.FileProvider$PathStrategy -> a.b.a.b$a:
    java.io.File getFileForUri(android.net.Uri) -> a
    android.net.Uri getUriForFile(java.io.File) -> a
androidx.core.content.FileProvider$SimplePathStrategy -> a.b.a.b$b:
    java.util.HashMap mRoots -> b
    java.lang.String mAuthority -> a
    void addRoot(java.lang.String,java.io.File) -> a
    java.io.File getFileForUri(android.net.Uri) -> a
    android.net.Uri getUriForFile(java.io.File) -> a
androidx.core.graphics.drawable.IconCompat -> androidx.core.graphics.drawable.IconCompat:
    android.graphics.PorterDuff$Mode DEFAULT_TINT_MODE -> j
    java.lang.String mTintModeStr -> i
    android.graphics.PorterDuff$Mode mTintMode -> h
    android.os.Parcelable mParcelable -> d
    java.lang.Object mObj1 -> b
    int mInt2 -> f
    android.content.res.ColorStateList mTintList -> g
    int mInt1 -> e
    byte[] mData -> c
    int mType -> a
    int getResId() -> a
    int getResId(android.graphics.drawable.Icon) -> a
    void onPreParceling(boolean) -> a
    java.lang.String typeToString(int) -> a
    java.lang.String getResPackage() -> b
    java.lang.String getResPackage(android.graphics.drawable.Icon) -> b
    void onPostParceling() -> c